#
# There is insufficient memory for the Java Runtime Environment to continue.
# Native memory allocation (mmap) failed to map 266338304 bytes for G1 virtual space
# Possible reasons:
#   The system is out of physical RAM or swap space
#   The process is running with CompressedOops enabled, and the Java Heap may be blocking the growth of the native heap
# Possible solutions:
#   Reduce memory load on the system
#   Increase physical memory or swap space
#   Check if swap backing store is full
#   Decrease Java heap size (-Xmx/-Xms)
#   Decrease number of Java threads
#   Decrease Java thread stack sizes (-Xss)
#   Set larger code cache with -XX:ReservedCodeCacheSize=
#   JVM is running with Zero Based Compressed Oops mode in which the Java heap is
#     placed in the first 32GB address space. The Java Heap base address is the
#     maximum limit for the native heap growth. Please use -XX:HeapBaseMinAddress
#     to set the Java Heap base and to place the Java Heap above 32GB virtual address.
# This output file may be truncated or incomplete.
#
#  Out of Memory Error (os_windows.cpp:3559), pid=16952, tid=36124
#
# JRE version:  (17.0.7+7) (build )
# Java VM: OpenJDK 64-Bit Server VM (17.0.7+7, mixed mode, emulated-client, sharing, tiered, compressed oops, compressed class ptrs, g1 gc, windows-amd64)
# No core dump will be written. Minidumps are not enabled by default on client versions of Windows
#

---------------  S U M M A R Y ------------

Command Line: -XX:+ShowCodeDetailsInExceptionMessages -agentlib:jdwp=transport=dt_socket,suspend=y,address=localhost:61728 -Dcom.sun.management.jmxremote -Dcom.sun.management.jmxremote.port=61727 -Dcom.sun.management.jmxremote.authenticate=false -Dcom.sun.management.jmxremote.ssl=false -Djava.rmi.server.hostname=localhost -Dspring.jmx.enabled=true -Dmanagement.endpoints.jmx.exposure.include=* -Dspring.application.admin.enabled=true -XX:TieredStopAtLevel=1 -Dspring.boot.project.name=IBatisConfigurationThroughXmlWorking -javaagent:D:\New Project\sts-4.19.0.RELEASE\configuration\org.eclipse.osgi\267\0\.cp\lib\javaagent-shaded.jar -Dfile.encoding=UTF-8 com.IBatisConfigurationThroughXml.IBatisConfigurationThroughXmlApplication --spring.output.ansi.enabled=always

Host: Intel(R) Core(TM) i5-9500 CPU @ 3.00GHz, 6 cores, 15G,  Windows 11 , 64 bit Build 22621 (10.0.22621.2215)
Time: Thu Oct  5 11:33:22 2023 India Standard Time elapsed time: 0.070112 seconds (0d 0h 0m 0s)

---------------  T H R E A D  ---------------

Current thread (0x000002080a750860):  JavaThread "Unknown thread" [_thread_in_vm, id=36124, stack(0x0000001c48400000,0x0000001c48500000)]

Stack: [0x0000001c48400000,0x0000001c48500000]
Native frames: (J=compiled Java code, j=interpreted, Vv=VM code, C=native code)
V  [jvm.dll+0x67754a]
V  [jvm.dll+0x834304]
V  [jvm.dll+0x835aae]
V  [jvm.dll+0x836113]
V  [jvm.dll+0x24696f]
V  [jvm.dll+0x6743f9]
V  [jvm.dll+0x668c8a]
V  [jvm.dll+0x3061bb]
V  [jvm.dll+0x30d6a6]
V  [jvm.dll+0x35cece]
V  [jvm.dll+0x35d0ff]
V  [jvm.dll+0x2dd048]
V  [jvm.dll+0x2ddfb4]
V  [jvm.dll+0x8066d1]
V  [jvm.dll+0x36ac91]
V  [jvm.dll+0x7e5cec]
V  [jvm.dll+0x3ed56f]
V  [jvm.dll+0x3ef0a1]
C  [jli.dll+0x528b]
C  [ucrtbase.dll+0x29363]
C  [KERNEL32.DLL+0x1257d]
C  [ntdll.dll+0x5aa68]


---------------  P R O C E S S  ---------------

Threads class SMR info:
_java_thread_list=0x00007ffa9c4d7018, length=0, elements={
}

Java Threads: ( => current thread )

Other Threads:
  0x000002080a7ba600 GCTaskThread "GC Thread#0" [stack: 0x0000001c48500000,0x0000001c48600000] [id=34976]
  0x000002080a7cb9f0 ConcurrentGCThread "G1 Main Marker" [stack: 0x0000001c48600000,0x0000001c48700000] [id=3216]
  0x000002080a7cc400 ConcurrentGCThread "G1 Conc#0" [stack: 0x0000001c48700000,0x0000001c48800000] [id=39080]

[error occurred during error reporting (printing all threads), id 0xc0000005, EXCEPTION_ACCESS_VIOLATION (0xc0000005) at pc=0x00007ffa9bcadaf7]

VM state: not at safepoint (not fully initialized)

VM Mutex/Monitor currently owned by a thread:  ([mutex/lock_event])
[0x000002080a74a580] Heap_lock - owner thread: 0x000002080a750860

Heap address: 0x0000000702e00000, size: 4050 MB, Compressed Oops mode: Zero based, Oop shift amount: 3

CDS archive(s) mapped at: [0x0000000000000000-0x0000000000000000-0x0000000000000000), size 0, SharedBaseAddress: 0x0000000800000000, ArchiveRelocationMode: 0.
Narrow klass base: 0x0000000000000000, Narrow klass shift: 0, Narrow klass range: 0x0

GC Precious Log:
<Empty>

Heap:
 garbage-first heap   total 0K, used 0K [0x0000000702e00000, 0x0000000800000000)
  region size 2048K, 0 young (0K), 0 survivors (0K)

[error occurred during error reporting (printing heap information), id 0xc0000005, EXCEPTION_ACCESS_VIOLATION (0xc0000005) at pc=0x00007ffa9c090db9]

GC Heap History (0 events):
No events

Dll operation events (1 events):
Event: 0.049 Loaded shared library D:\New Project\sts-4.19.0.RELEASE\plugins\org.eclipse.justj.openjdk.hotspot.jre.full.win32.x86_64_17.0.7.v20230425-1502\jre\bin\java.dll

Deoptimization events (0 events):
No events

Classes unloaded (0 events):
No events

Classes redefined (0 events):
No events

Internal exceptions (0 events):
No events

VM Operations (0 events):
No events

Events (0 events):
No events


Dynamic libraries:
0x00007ff6f2cb0000 - 0x00007ff6f2cbe000 	D:\New Project\sts-4.19.0.RELEASE\plugins\org.eclipse.justj.openjdk.hotspot.jre.full.win32.x86_64_17.0.7.v20230425-1502\jre\bin\javaw.exe
0x00007ffaf4dd0000 - 0x00007ffaf4fe4000 	C:\WINDOWS\SYSTEM32\ntdll.dll
0x00007ffa9ca90000 - 0x00007ffa9cab7000 	C:\Program Files\Cylance\Desktop\CyMemDef64.dll
0x00007ffaf4380000 - 0x00007ffaf4444000 	C:\WINDOWS\System32\KERNEL32.DLL
0x00007ffaf27b0000 - 0x00007ffaf2b54000 	C:\WINDOWS\System32\KERNELBASE.dll
0x00007ffaf24d0000 - 0x00007ffaf25e1000 	C:\WINDOWS\System32\ucrtbase.dll
0x00007ffa9b9a0000 - 0x00007ffa9b9b7000 	D:\New Project\sts-4.19.0.RELEASE\plugins\org.eclipse.justj.openjdk.hotspot.jre.full.win32.x86_64_17.0.7.v20230425-1502\jre\bin\jli.dll
0x00007ffaf4450000 - 0x00007ffaf45fe000 	C:\WINDOWS\System32\USER32.dll
0x00007ffaf25f0000 - 0x00007ffaf2616000 	C:\WINDOWS\System32\win32u.dll
0x00007ffaf4050000 - 0x00007ffaf4079000 	C:\WINDOWS\System32\GDI32.dll
0x00007ffaf22f0000 - 0x00007ffaf2408000 	C:\WINDOWS\System32\gdi32full.dll
0x00007ffaf2620000 - 0x00007ffaf26ba000 	C:\WINDOWS\System32\msvcp_win.dll
0x00007ffa8dc70000 - 0x00007ffa8dc89000 	D:\New Project\sts-4.19.0.RELEASE\plugins\org.eclipse.justj.openjdk.hotspot.jre.full.win32.x86_64_17.0.7.v20230425-1502\jre\bin\VCRUNTIME140.dll
0x00007ffab82f0000 - 0x00007ffab8583000 	C:\WINDOWS\WinSxS\amd64_microsoft.windows.common-controls_6595b64144ccf1df_6.0.22621.2215_none_270d72677387dfc3\COMCTL32.dll
0x00007ffaf3cf0000 - 0x00007ffaf3d97000 	C:\WINDOWS\System32\msvcrt.dll
0x00007ffaf4080000 - 0x00007ffaf40b1000 	C:\WINDOWS\System32\IMM32.DLL
0x00007ffaaae40000 - 0x00007ffaaae4c000 	D:\New Project\sts-4.19.0.RELEASE\plugins\org.eclipse.justj.openjdk.hotspot.jre.full.win32.x86_64_17.0.7.v20230425-1502\jre\bin\vcruntime140_1.dll
0x00007ffa8dbd0000 - 0x00007ffa8dc61000 	D:\New Project\sts-4.19.0.RELEASE\plugins\org.eclipse.justj.openjdk.hotspot.jre.full.win32.x86_64_17.0.7.v20230425-1502\jre\bin\msvcp140.dll
0x00007ffa9b9c0000 - 0x00007ffa9c608000 	D:\New Project\sts-4.19.0.RELEASE\plugins\org.eclipse.justj.openjdk.hotspot.jre.full.win32.x86_64_17.0.7.v20230425-1502\jre\bin\server\jvm.dll
0x00007ffaf35e0000 - 0x00007ffaf3690000 	C:\WINDOWS\System32\ADVAPI32.dll
0x00007ffaf3c40000 - 0x00007ffaf3ce6000 	C:\WINDOWS\System32\sechost.dll
0x00007ffaf40c0000 - 0x00007ffaf41d7000 	C:\WINDOWS\System32\RPCRT4.dll
0x00007ffad37e0000 - 0x00007ffad37e9000 	C:\WINDOWS\SYSTEM32\WSOCK32.dll
0x00007ffaf4d10000 - 0x00007ffaf4d81000 	C:\WINDOWS\System32\WS2_32.dll
0x00007ffaddac0000 - 0x00007ffaddaf4000 	C:\WINDOWS\SYSTEM32\WINMM.dll
0x00007ffaeca90000 - 0x00007ffaeca9a000 	C:\WINDOWS\SYSTEM32\VERSION.dll
0x00007ffaf1050000 - 0x00007ffaf1068000 	C:\WINDOWS\SYSTEM32\kernel.appcore.dll
0x00007ffac4580000 - 0x00007ffac458a000 	D:\New Project\sts-4.19.0.RELEASE\plugins\org.eclipse.justj.openjdk.hotspot.jre.full.win32.x86_64_17.0.7.v20230425-1502\jre\bin\jimage.dll
0x00007ffaef6e0000 - 0x00007ffaef90e000 	C:\WINDOWS\SYSTEM32\DBGHELP.DLL
0x00007ffaf3690000 - 0x00007ffaf3a1a000 	C:\WINDOWS\System32\combase.dll
0x00007ffaf3db0000 - 0x00007ffaf3e87000 	C:\WINDOWS\System32\OLEAUT32.dll
0x00007ffad4990000 - 0x00007ffad49c2000 	C:\WINDOWS\SYSTEM32\dbgcore.DLL
0x00007ffaf26c0000 - 0x00007ffaf273a000 	C:\WINDOWS\System32\bcryptPrimitives.dll
0x00007ffada830000 - 0x00007ffada86b000 	D:\New Project\sts-4.19.0.RELEASE\plugins\org.eclipse.justj.openjdk.hotspot.jre.full.win32.x86_64_17.0.7.v20230425-1502\jre\bin\jdwp.dll
0x00007ffac3450000 - 0x00007ffac345e000 	D:\New Project\sts-4.19.0.RELEASE\plugins\org.eclipse.justj.openjdk.hotspot.jre.full.win32.x86_64_17.0.7.v20230425-1502\jre\bin\instrument.dll
0x00007ffa9b970000 - 0x00007ffa9b995000 	D:\New Project\sts-4.19.0.RELEASE\plugins\org.eclipse.justj.openjdk.hotspot.jre.full.win32.x86_64_17.0.7.v20230425-1502\jre\bin\java.dll

dbghelp: loaded successfully - version: 4.0.5 - missing functions: none
symbol engine: initialized successfully - sym options: 0x614 - pdb path: .;D:\New Project\sts-4.19.0.RELEASE\plugins\org.eclipse.justj.openjdk.hotspot.jre.full.win32.x86_64_17.0.7.v20230425-1502\jre\bin;C:\WINDOWS\SYSTEM32;C:\Program Files\Cylance\Desktop;C:\WINDOWS\WinSxS\amd64_microsoft.windows.common-controls_6595b64144ccf1df_6.0.22621.2215_none_270d72677387dfc3;D:\New Project\sts-4.19.0.RELEASE\plugins\org.eclipse.justj.openjdk.hotspot.jre.full.win32.x86_64_17.0.7.v20230425-1502\jre\bin\server

VM Arguments:
jvm_args: -XX:+ShowCodeDetailsInExceptionMessages -agentlib:jdwp=transport=dt_socket,suspend=y,address=localhost:61728 -Dcom.sun.management.jmxremote -Dcom.sun.management.jmxremote.port=61727 -Dcom.sun.management.jmxremote.authenticate=false -Dcom.sun.management.jmxremote.ssl=false -Djava.rmi.server.hostname=localhost -Dspring.jmx.enabled=true -Dmanagement.endpoints.jmx.exposure.include=* -Dspring.application.admin.enabled=true -XX:TieredStopAtLevel=1 -Dspring.boot.project.name=IBatisConfigurationThroughXmlWorking -javaagent:D:\New Project\sts-4.19.0.RELEASE\configuration\org.eclipse.osgi\267\0\.cp\lib\javaagent-shaded.jar -Dfile.encoding=UTF-8 
java_command: com.IBatisConfigurationThroughXml.IBatisConfigurationThroughXmlApplication --spring.output.ansi.enabled=always
java_class_path (initial): C:\Users\Eluri Dasaradhi\Desktop\XmlMybatis\target\classes;C:\Users\Eluri Dasaradhi\.m2\repository\org\springframework\boot\spring-boot-starter-web\2.5.4\spring-boot-starter-web-2.5.4.jar;C:\Users\Eluri Dasaradhi\.m2\repository\org\springframework\boot\spring-boot-starter\2.5.4\spring-boot-starter-2.5.4.jar;C:\Users\Eluri Dasaradhi\.m2\repository\org\springframework\boot\spring-boot\2.5.4\spring-boot-2.5.4.jar;C:\Users\Eluri Dasaradhi\.m2\repository\org\springframework\boot\spring-boot-autoconfigure\2.5.4\spring-boot-autoconfigure-2.5.4.jar;C:\Users\Eluri Dasaradhi\.m2\repository\org\springframework\boot\spring-boot-starter-logging\2.5.4\spring-boot-starter-logging-2.5.4.jar;C:\Users\Eluri Dasaradhi\.m2\repository\ch\qos\logback\logback-classic\1.2.5\logback-classic-1.2.5.jar;C:\Users\Eluri Dasaradhi\.m2\repository\ch\qos\logback\logback-core\1.2.5\logback-core-1.2.5.jar;C:\Users\Eluri Dasaradhi\.m2\repository\org\apache\logging\log4j\log4j-to-slf4j\2.14.1\log4j-to-slf4j-2.14.1.jar;C:\Users\Eluri Dasaradhi\.m2\repository\org\apache\logging\log4j\log4j-api\2.14.1\log4j-api-2.14.1.jar;C:\Users\Eluri Dasaradhi\.m2\repository\org\slf4j\jul-to-slf4j\1.7.32\jul-to-slf4j-1.7.32.jar;C:\Users\Eluri Dasaradhi\.m2\repository\jakarta\annotation\jakarta.annotation-api\1.3.5\jakarta.annotation-api-1.3.5.jar;C:\Users\Eluri Dasaradhi\.m2\repository\org\yaml\snakeyaml\1.28\snakeyaml-1.28.jar;C:\Users\Eluri Dasaradhi\.m2\repository\org\springframework\boot\spring-boot-starter-json\2.5.4\spring-boot-starter-json-2.5.4.jar;C:\Users\Eluri Dasaradhi\.m2\repository\com\fasterxml\jackson\core\jackson-databind\2.12.4\jackson-databind-2.12.4.jar;C:\Users\Eluri Dasaradhi\.m2\repository\com\fasterxml\jackson\core\jackson-annotations\2.12.4\jackson-annotations-2.12.4.jar;C:\Users\Eluri Dasaradhi\.m2\repository\com\fasterxml\jackson\core\jackson-core\2.12.4\jackson-core-2.12.4.jar;C:\Users\Eluri Dasaradhi\.m2\repository\com\fasterxml\jackson\datatype\jackson-datatype
Launcher Type: SUN_STANDARD

[Global flags]
     intx CICompilerCount                          = 3                                         {product} {ergonomic}
     uint ConcGCThreads                            = 2                                         {product} {ergonomic}
     uint G1ConcRefinementThreads                  = 6                                         {product} {ergonomic}
   size_t G1HeapRegionSize                         = 2097152                                   {product} {ergonomic}
    uintx GCDrainStackTargetSize                   = 64                                        {product} {ergonomic}
   size_t InitialHeapSize                          = 266338304                                 {product} {ergonomic}
     bool ManagementServer                         = true                                      {product} {command line}
   size_t MarkStackSize                            = 4194304                                   {product} {ergonomic}
   size_t MaxHeapSize                              = 4246732800                                {product} {ergonomic}
   size_t MinHeapDeltaBytes                        = 2097152                                   {product} {ergonomic}
   size_t MinHeapSize                              = 8388608                                   {product} {ergonomic}
    uintx NonProfiledCodeHeapSize                  = 0                                      {pd product} {ergonomic}
     bool ProfileInterpreter                       = false                                  {pd product} {command line}
    uintx ProfiledCodeHeapSize                     = 0                                      {pd product} {ergonomic}
     bool ShowCodeDetailsInExceptionMessages       = true                                   {manageable} {command line}
   size_t SoftMaxHeapSize                          = 4246732800                             {manageable} {ergonomic}
     intx TieredStopAtLevel                        = 1                                         {product} {command line}
     bool UseCompressedClassPointers               = true                           {product lp64_product} {ergonomic}
     bool UseCompressedOops                        = true                           {product lp64_product} {ergonomic}
     bool UseG1GC                                  = true                                      {product} {ergonomic}
     bool UseLargePagesIndividualAllocation        = false                                  {pd product} {ergonomic}

Logging:
Log output configuration:
 #0: stdout all=warning uptime,level,tags
 #1: stderr all=off uptime,level,tags

Environment Variables:
JAVA_HOME=D:\New Project\amazon-corretto-17.0.7.7.1-windows-x64-jdk\jdk17.0.7_7
PATH=D:\New Project\sts-4.19.0.RELEASE\plugins\org.eclipse.justj.openjdk.hotspot.jre.full.win32.x86_64_17.0.7.v20230425-1502\jre\bin;D:/New Project/sts-4.19.0.RELEASE//plugins/org.eclipse.justj.openjdk.hotspot.jre.full.win32.x86_64_17.0.7.v20230425-1502/jre/bin/server;D:/New Project/sts-4.19.0.RELEASE//plugins/org.eclipse.justj.openjdk.hotspot.jre.full.win32.x86_64_17.0.7.v20230425-1502/jre/bin;C:\Program Files\Common Files\Oracle\Java\javapath;C:\Program Files (x86)\Common Files\Oracle\Java\javapath;C:\WINDOWS\system32;C:\WINDOWS;C:\WINDOWS\System32\Wbem;C:\WINDOWS\System32\WindowsPowerShell\v1.0\;C:\WINDOWS\System32\OpenSSH\;C:\Program Files\Microsoft SQL Server\Client SDK\ODBC\170\Tools\Binn\;C:\Program Files (x86)\Microsoft SQL Server\150\Tools\Binn\;C:\Program Files\Microsoft SQL Server\150\Tools\Binn\;C:\Program Files\Microsoft SQL Server\150\DTS\Binn\;C:\Program Files (x86)\Microsoft SQL Server\150\DTS\Binn\;C:\Program Files\Azure Data Studio\bin;C:\Program Files\Git\cmd;C:\Program Files\dotnet\;C:\WINDOWS\system32;C:\WINDOWS;C:\WINDOWS\System32\Wbem;C:\WINDOWS\System32\WindowsPowerShell\v1.0\;C:\WINDOWS\System32\OpenSSH\;C:\apache-ant-1.10.13\bin;C:\Program Files\Apache Software Foundation\Tomcat 8.5_Tomcat8-\bin;D:\New Project\amazon-corretto-17.0.7.7.1-windows-x64-jdk\jdk17.0.7_7\bin;C:\Users\Eluri Dasaradhi\Downloads\apache-maven-3.9.2-src\apache-maven-3.9.2;C:\Users\Eluri Dasaradhi\AppData\Local\Microsoft\WindowsApps;C:\Program Files\Azure Data Studio\bin;C:\Users\Eluri Dasaradhi\Downloads\ffmpe\ffmpeg-5.1.2-full_build\bin;C:\Program Files\JetBrains\IntelliJ IDEA Community Edition 2022.3.3\bin;;D:\New Project\amazon-corretto-17.0.7.7.1-windows-x64-jdk\jdk17.0.7_7\bin;C:\Users\Eluri Dasaradhi\Downloads\chromedriver113;C:\Users\Eluri Dasaradhi\Downloads\edgedriver_win64;;D:\New Project\sts-4.19.0.RELEASE;
USERNAME=Eluri Dasaradhi
OS=Windows_NT
PROCESSOR_IDENTIFIER=Intel64 Family 6 Model 158 Stepping 10, GenuineIntel
TMP=C:\Users\ELURID~1\AppData\Local\Temp
TEMP=C:\Users\ELURID~1\AppData\Local\Temp



---------------  S Y S T E M  ---------------

OS:
 Windows 11 , 64 bit Build 22621 (10.0.22621.2215)
OS uptime: 14 days 0:21 hours
Hyper-V role detected

CPU: total 6 (initial active 6) (6 cores per cpu, 1 threads per core) family 6 model 158 stepping 10 microcode 0xea, cx8, cmov, fxsr, mmx, 3dnowpref, sse, sse2, sse3, ssse3, sse4.1, sse4.2, popcnt, lzcnt, tsc, tscinvbit, avx, avx2, aes, erms, clmul, bmi1, bmi2, rtm, adx, fma, vzeroupper, clflush, clflushopt, hv

Memory: 4k page, system-wide physical 16193M (1597M free)
TotalPageFile size 31240M (AvailPageFile size 107M)
current process WorkingSet (physical memory assigned to process): 12M, peak: 12M
current process commit charge ("private bytes"): 52M, peak: 306M

vm_info: OpenJDK 64-Bit Server VM (17.0.7+7) for windows-amd64 JRE (17.0.7+7), built on Apr 18 2023 22:10:42 by "temurin" with MS VC++ 16.7 (VS2019)

END.
